# JRE version: OpenJDK Runtime Environment (21.0.8+9) (build 21.0.8+9-Ubuntu-0ubuntu124.04.1)
# Java VM: OpenJDK 64-Bit Server VM (21.0.8+9-Ubuntu-0ubuntu124.04.1, mixed mode, sharing, tiered, compressed oops, compressed class ptrs, g1 gc, linux-amd64)
GC Precious Log:
 CardTable entry size: 512
 Card Set container configuration: InlinePtr #cards 4 size 8 Array Of Cards #cards 32 size 80 Howl #buckets 8 coarsen threshold 7372 Howl Bitmap #cards 1024 size 144 coarsen threshold 921 Card regions per heap region 1 cards per card region 8192
 CPUs: 96 total, 96 available
 Memory: 187G
 Large Page Support: Disabled
 NUMA Support: Disabled
 Compressed Oops: Enabled (Zero based)
 Heap Region Size: 4M
 Heap Min Capacity: 8M
 Heap Initial Capacity: 2G
 Heap Max Capacity: 8G
 Pre-touch: Disabled
 Parallel Workers: 63
 Concurrent Workers: 16
 Concurrent Refinement Workers: 63
 Periodic GC: Disabled
Heap:
 garbage-first heap   total 28672K, used 6528K [0x0000000600000000, 0x0000000800000000)
  region size 4096K, 1 young (4096K), 0 survivors (0K)
 Metaspace       used 1686K, committed 1792K, reserved 1114112K
  class space    used 149K, committed 192K, reserved 1048576K
GC Heap History (6 events):
Event: 0.133 GC heap before
{Heap before GC invocations=0 (full 0):
 garbage-first heap   total 2101248K, used 17458K [0x0000000600000000, 0x0000000800000000)
  region size 4096K, 4 young (16384K), 0 survivors (0K)
 Metaspace       used 1412K, committed 1536K, reserved 1114112K
  class space    used 125K, committed 192K, reserved 1048576K
}
Event: 0.145 GC heap after
{Heap after GC invocations=1 (full 1):
 garbage-first heap   total 81920K, used 6159K [0x0000000600000000, 0x0000000800000000)
  region size 4096K, 0 young (0K), 0 survivors (0K)
 Metaspace       used 1412K, committed 1536K, reserved 1114112K
  class space    used 125K, committed 192K, reserved 1048576K
}
Event: 0.248 GC heap before
{Heap before GC invocations=1 (full 1):
 garbage-first heap   total 81920K, used 10255K [0x0000000600000000, 0x0000000800000000)
  region size 4096K, 2 young (8192K), 0 survivors (0K)
 Metaspace       used 1575K, committed 1664K, reserved 1114112K
  class space    used 131K, committed 192K, reserved 1048576K
}
Event: 0.257 GC heap after
{Heap after GC invocations=2 (full 2):
 garbage-first heap   total 40960K, used 6517K [0x0000000600000000, 0x0000000800000000)
  region size 4096K, 0 young (0K), 0 survivors (0K)
 Metaspace       used 1575K, committed 1664K, reserved 1114112K
  class space    used 131K, committed 192K, reserved 1048576K
}
Event: 0.303 GC heap before
{Heap before GC invocations=2 (full 2):
 garbage-first heap   total 40960K, used 6517K [0x0000000600000000, 0x0000000800000000)
  region size 4096K, 1 young (4096K), 0 survivors (0K)
 Metaspace       used 1675K, committed 1792K, reserved 1114112K
  class space    used 146K, committed 192K, reserved 1048576K
}
Event: 0.324 GC heap after
{Heap after GC invocations=3 (full 3):
 garbage-first heap   total 28672K, used 6528K [0x0000000600000000, 0x0000000800000000)
  region size 4096K, 0 young (0K), 0 survivors (0K)
 Metaspace       used 1675K, committed 1792K, reserved 1114112K
  class space    used 146K, committed 192K, reserved 1048576K
}

