# JRE version: OpenJDK Runtime Environment (21.0.8+9) (build 21.0.8+9-Ubuntu-0ubuntu124.04.1)
# Java VM: OpenJDK 64-Bit Server VM (21.0.8+9-Ubuntu-0ubuntu124.04.1, mixed mode, sharing, tiered, compressed oops, compressed class ptrs, g1 gc, linux-amd64)
Heap:
 garbage-first heap   total 40960K, used 23598K [0x0000000600000000, 0x0000000800000000)
  region size 4096K, 2 young (8192K), 0 survivors (0K)
 Metaspace       used 3911K, committed 4032K, reserved 1114112K
  class space    used 389K, committed 448K, reserved 1048576K
GC Heap History (18 events):
Event: 0.135 GC heap before
{Heap before GC invocations=0 (full 0):
 garbage-first heap   total 2101248K, used 17458K [0x0000000600000000, 0x0000000800000000)
  region size 4096K, 4 young (16384K), 0 survivors (0K)
 Metaspace       used 1407K, committed 1536K, reserved 1114112K
  class space    used 125K, committed 192K, reserved 1048576K
}
Event: 0.151 GC heap after
{Heap after GC invocations=1 (full 1):
 garbage-first heap   total 81920K, used 6159K [0x0000000600000000, 0x0000000800000000)
  region size 4096K, 0 young (0K), 0 survivors (0K)
 Metaspace       used 1407K, committed 1536K, reserved 1114112K
  class space    used 125K, committed 192K, reserved 1048576K
}
Event: 0.260 GC heap before
{Heap before GC invocations=1 (full 1):
 garbage-first heap   total 81920K, used 10255K [0x0000000600000000, 0x0000000800000000)
  region size 4096K, 2 young (8192K), 0 survivors (0K)
 Metaspace       used 1573K, committed 1664K, reserved 1114112K
  class space    used 131K, committed 192K, reserved 1048576K
}
Event: 0.272 GC heap after
{Heap after GC invocations=2 (full 2):
 garbage-first heap   total 40960K, used 6517K [0x0000000600000000, 0x0000000800000000)
  region size 4096K, 0 young (0K), 0 survivors (0K)
 Metaspace       used 1573K, committed 1664K, reserved 1114112K
  class space    used 131K, committed 192K, reserved 1048576K
}
Event: 0.444 GC heap before
{Heap before GC invocations=2 (full 2):
 garbage-first heap   total 40960K, used 18805K [0x0000000600000000, 0x0000000800000000)
  region size 4096K, 3 young (12288K), 0 survivors (0K)
 Metaspace       used 2134K, committed 2304K, reserved 1114112K
  class space    used 183K, committed 256K, reserved 1048576K
}
Event: 0.448 GC heap after
{Heap after GC invocations=3 (full 2):
 garbage-first heap   total 40960K, used 8533K [0x0000000600000000, 0x0000000800000000)
  region size 4096K, 1 young (4096K), 1 survivors (4096K)
 Metaspace       used 2134K, committed 2304K, reserved 1114112K
  class space    used 183K, committed 256K, reserved 1048576K
}
Event: 0.474 GC heap before
{Heap before GC invocations=3 (full 2):
 garbage-first heap   total 40960K, used 20821K [0x0000000600000000, 0x0000000800000000)
  region size 4096K, 4 young (16384K), 1 survivors (4096K)
 Metaspace       used 2156K, committed 2304K, reserved 1114112K
  class space    used 183K, committed 256K, reserved 1048576K
}
Event: 0.481 GC heap after
{Heap after GC invocations=4 (full 2):
 garbage-first heap   total 40960K, used 8966K [0x0000000600000000, 0x0000000800000000)
  region size 4096K, 1 young (4096K), 1 survivors (4096K)
 Metaspace       used 2156K, committed 2304K, reserved 1114112K
  class space    used 183K, committed 256K, reserved 1048576K
}
Event: 0.506 GC heap before
{Heap before GC invocations=4 (full 2):
 garbage-first heap   total 40960K, used 21254K [0x0000000600000000, 0x0000000800000000)
  region size 4096K, 4 young (16384K), 1 survivors (4096K)
 Metaspace       used 2206K, committed 2368K, reserved 1114112K
  class space    used 183K, committed 256K, reserved 1048576K
}
Event: 0.515 GC heap after
{Heap after GC invocations=5 (full 2):
 garbage-first heap   total 40960K, used 9955K [0x0000000600000000, 0x0000000800000000)
  region size 4096K, 1 young (4096K), 1 survivors (4096K)
 Metaspace       used 2206K, committed 2368K, reserved 1114112K
  class space    used 183K, committed 256K, reserved 1048576K
}
Event: 0.618 GC heap before
{Heap before GC invocations=5 (full 2):
 garbage-first heap   total 40960K, used 9955K [0x0000000600000000, 0x0000000800000000)
  region size 4096K, 2 young (8192K), 1 survivors (4096K)
 Metaspace       used 2218K, committed 2368K, reserved 1114112K
  class space    used 183K, committed 256K, reserved 1048576K
}
Event: 0.664 GC heap after
{Heap after GC invocations=6 (full 3):
 garbage-first heap   total 40960K, used 10280K [0x0000000600000000, 0x0000000800000000)
  region size 4096K, 0 young (0K), 0 survivors (0K)
 Metaspace       used 2218K, committed 2368K, reserved 1114112K
  class space    used 183K, committed 256K, reserved 1048576K
}
Event: 0.897 GC heap before
{Heap before GC invocations=6 (full 3):
 garbage-first heap   total 40960K, used 18472K [0x0000000600000000, 0x0000000800000000)
  region size 4096K, 2 young (8192K), 0 survivors (0K)
 Metaspace       used 2844K, committed 3072K, reserved 1114112K
  class space    used 256K, committed 384K, reserved 1048576K
}
Event: 0.964 GC heap after
{Heap after GC invocations=7 (full 4):
 garbage-first heap   total 40960K, used 19254K [0x0000000600000000, 0x0000000800000000)
  region size 4096K, 0 young (0K), 0 survivors (0K)
 Metaspace       used 2844K, committed 3072K, reserved 1114112K
  class space    used 256K, committed 384K, reserved 1048576K
}
Event: 1.595 GC heap before
{Heap before GC invocations=7 (full 4):
 garbage-first heap   total 40960K, used 19254K [0x0000000600000000, 0x0000000800000000)
  region size 4096K, 1 young (4096K), 0 survivors (0K)
 Metaspace       used 3117K, committed 3264K, reserved 1114112K
  class space    used 291K, committed 384K, reserved 1048576K
}
Event: 1.663 GC heap after
{Heap after GC invocations=8 (full 5):
 garbage-first heap   total 40960K, used 19501K [0x0000000600000000, 0x0000000800000000)
  region size 4096K, 0 young (0K), 0 survivors (0K)
 Metaspace       used 3117K, committed 3264K, reserved 1114112K
  class space    used 291K, committed 384K, reserved 1048576K
}
Event: 2.767 GC heap before
{Heap before GC invocations=8 (full 5):
 garbage-first heap   total 40960K, used 19501K [0x0000000600000000, 0x0000000800000000)
  region size 4096K, 1 young (4096K), 0 survivors (0K)
 Metaspace       used 3132K, committed 3264K, reserved 1114112K
  class space    used 291K, committed 384K, reserved 1048576K
}
Event: 2.832 GC heap after
{Heap after GC invocations=9 (full 6):
 garbage-first heap   total 40960K, used 19502K [0x0000000600000000, 0x0000000800000000)
  region size 4096K, 0 young (0K), 0 survivors (0K)
 Metaspace       used 3132K, committed 3264K, reserved 1114112K
  class space    used 291K, committed 384K, reserved 1048576K
}

