# JRE version: Java(TM) SE Runtime Environment (18.0.1.1+2) (build 18.0.1.1+2-6)
# Java VM: Java HotSpot(TM) 64-Bit Server VM (18.0.1.1+2-6, mixed mode, sharing, tiered, compressed oops, compressed class ptrs, g1 gc, bsd-aarch64)
Heap:
 garbage-first heap   total 57344K, used 22865K [0x0000000600000000, 0x0000000800000000)
  region size 4096K, 1 young (4096K), 0 survivors (0K)
 Metaspace       used 3632K, committed 3840K, reserved 1114112K
  class space    used 367K, committed 448K, reserved 1048576K
GC Heap History (16 events):
Event: 0.059 GC heap before
{Heap before GC invocations=0 (full 0):
 garbage-first heap   total 139264K, used 8096K [0x0000000600000000, 0x0000000800000000)
  region size 4096K, 1 young (4096K), 0 survivors (0K)
 Metaspace       used 1264K, committed 1408K, reserved 1114112K
  class space    used 119K, committed 192K, reserved 1048576K
}
Event: 0.062 GC heap after
{Heap after GC invocations=1 (full 1):
 garbage-first heap   total 57344K, used 9013K [0x0000000600000000, 0x0000000800000000)
  region size 4096K, 0 young (0K), 0 survivors (0K)
 Metaspace       used 1264K, committed 1408K, reserved 1114112K
  class space    used 119K, committed 192K, reserved 1048576K
}
Event: 0.144 GC heap before
{Heap before GC invocations=1 (full 1):
 garbage-first heap   total 57344K, used 21301K [0x0000000600000000, 0x0000000800000000)
  region size 4096K, 3 young (12288K), 0 survivors (0K)
 Metaspace       used 2014K, committed 2176K, reserved 1114112K
  class space    used 180K, committed 256K, reserved 1048576K
}
Event: 0.148 GC heap after
{Heap after GC invocations=2 (full 1):
 garbage-first heap   total 57344K, used 10837K [0x0000000600000000, 0x0000000800000000)
  region size 4096K, 1 young (4096K), 1 survivors (4096K)
 Metaspace       used 2014K, committed 2176K, reserved 1114112K
  class space    used 180K, committed 256K, reserved 1048576K
}
Event: 0.160 GC heap before
{Heap before GC invocations=2 (full 1):
 garbage-first heap   total 57344K, used 23125K [0x0000000600000000, 0x0000000800000000)
  region size 4096K, 4 young (16384K), 1 survivors (4096K)
 Metaspace       used 2037K, committed 2240K, reserved 1114112K
  class space    used 180K, committed 256K, reserved 1048576K
}
Event: 0.162 GC heap after
{Heap after GC invocations=3 (full 1):
 garbage-first heap   total 57344K, used 12291K [0x0000000600000000, 0x0000000800000000)
  region size 4096K, 1 young (4096K), 1 survivors (4096K)
 Metaspace       used 2037K, committed 2240K, reserved 1114112K
  class space    used 180K, committed 256K, reserved 1048576K
}
Event: 0.201 GC heap before
{Heap before GC invocations=3 (full 1):
 garbage-first heap   total 57344K, used 20483K [0x0000000600000000, 0x0000000800000000)
  region size 4096K, 4 young (16384K), 1 survivors (4096K)
 Metaspace       used 2084K, committed 2240K, reserved 1114112K
  class space    used 180K, committed 256K, reserved 1048576K
}
Event: 0.214 GC heap after
{Heap after GC invocations=4 (full 2):
 garbage-first heap   total 57344K, used 13179K [0x0000000600000000, 0x0000000800000000)
  region size 4096K, 0 young (0K), 0 survivors (0K)
 Metaspace       used 2084K, committed 2240K, reserved 1114112K
  class space    used 180K, committed 256K, reserved 1048576K
}
Event: 0.288 GC heap before
{Heap before GC invocations=4 (full 2):
 garbage-first heap   total 57344K, used 21371K [0x0000000600000000, 0x0000000800000000)
  region size 4096K, 2 young (8192K), 0 survivors (0K)
 Metaspace       used 2718K, committed 2944K, reserved 1114112K
  class space    used 254K, committed 384K, reserved 1048576K
}
Event: 0.299 GC heap after
{Heap after GC invocations=5 (full 3):
 garbage-first heap   total 57344K, used 22159K [0x0000000600000000, 0x0000000800000000)
  region size 4096K, 0 young (0K), 0 survivors (0K)
 Metaspace       used 2718K, committed 2944K, reserved 1114112K
  class space    used 254K, committed 384K, reserved 1048576K
}
Event: 0.547 GC heap before
{Heap before GC invocations=5 (full 3):
 garbage-first heap   total 57344K, used 22159K [0x0000000600000000, 0x0000000800000000)
  region size 4096K, 1 young (4096K), 0 survivors (0K)
 Metaspace       used 2986K, committed 3136K, reserved 1114112K
  class space    used 286K, committed 384K, reserved 1048576K
}
Event: 0.558 GC heap after
{Heap after GC invocations=6 (full 4):
 garbage-first heap   total 57344K, used 22464K [0x0000000600000000, 0x0000000800000000)
  region size 4096K, 0 young (0K), 0 survivors (0K)
 Metaspace       used 2986K, committed 3136K, reserved 1114112K
  class space    used 286K, committed 384K, reserved 1048576K
}
Event: 0.872 GC heap before
{Heap before GC invocations=6 (full 4):
 garbage-first heap   total 57344K, used 22464K [0x0000000600000000, 0x0000000800000000)
  region size 4096K, 1 young (4096K), 0 survivors (0K)
 Metaspace       used 3000K, committed 3200K, reserved 1114112K
  class space    used 286K, committed 384K, reserved 1048576K
}
Event: 0.882 GC heap after
{Heap after GC invocations=7 (full 5):
 garbage-first heap   total 57344K, used 22465K [0x0000000600000000, 0x0000000800000000)
  region size 4096K, 0 young (0K), 0 survivors (0K)
 Metaspace       used 3000K, committed 3200K, reserved 1114112K
  class space    used 286K, committed 384K, reserved 1048576K
}
Event: 1.569 GC heap before
{Heap before GC invocations=7 (full 5):
 garbage-first heap   total 57344K, used 22465K [0x0000000600000000, 0x0000000800000000)
  region size 4096K, 1 young (4096K), 0 survivors (0K)
 Metaspace       used 3625K, committed 3840K, reserved 1114112K
  class space    used 365K, committed 448K, reserved 1048576K
}
Event: 1.582 GC heap after
{Heap after GC invocations=8 (full 6):
 garbage-first heap   total 57344K, used 22865K [0x0000000600000000, 0x0000000800000000)
  region size 4096K, 0 young (0K), 0 survivors (0K)
 Metaspace       used 3625K, committed 3840K, reserved 1114112K
  class space    used 365K, committed 448K, reserved 1048576K
}

