# JRE version: Java(TM) SE Runtime Environment (18.0.1.1+2) (build 18.0.1.1+2-6)
# Java VM: Java HotSpot(TM) 64-Bit Server VM (18.0.1.1+2-6, mixed mode, sharing, tiered, compressed oops, compressed class ptrs, g1 gc, bsd-aarch64)
Heap:
 garbage-first heap   total 57344K, used 22873K [0x0000000600000000, 0x0000000800000000)
  region size 4096K, 1 young (4096K), 0 survivors (0K)
 Metaspace       used 3656K, committed 3840K, reserved 1114112K
  class space    used 373K, committed 448K, reserved 1048576K
GC Heap History (20 events):
Event: 1.361 GC heap before
{Heap before GC invocations=7 (full 5):
 garbage-first heap   total 57344K, used 22470K [0x0000000600000000, 0x0000000800000000)
  region size 4096K, 1 young (4096K), 0 survivors (0K)
 Metaspace       used 3028K, committed 3200K, reserved 1114112K
  class space    used 292K, committed 384K, reserved 1048576K
}
Event: 1.371 GC heap after
{Heap after GC invocations=8 (full 6):
 garbage-first heap   total 57344K, used 22471K [0x0000000600000000, 0x0000000800000000)
  region size 4096K, 0 young (0K), 0 survivors (0K)
 Metaspace       used 3028K, committed 3200K, reserved 1114112K
  class space    used 292K, committed 384K, reserved 1048576K
}
Event: 1.859 GC heap before
{Heap before GC invocations=8 (full 6):
 garbage-first heap   total 57344K, used 22471K [0x0000000600000000, 0x0000000800000000)
  region size 4096K, 1 young (4096K), 0 survivors (0K)
 Metaspace       used 3649K, committed 3840K, reserved 1114112K
  class space    used 370K, committed 448K, reserved 1048576K
}
Event: 1.870 GC heap after
{Heap after GC invocations=9 (full 7):
 garbage-first heap   total 57344K, used 22872K [0x0000000600000000, 0x0000000800000000)
  region size 4096K, 0 young (0K), 0 survivors (0K)
 Metaspace       used 3649K, committed 3840K, reserved 1114112K
  class space    used 370K, committed 448K, reserved 1048576K
}
Event: 171.872 GC heap before
{Heap before GC invocations=9 (full 7):
 garbage-first heap   total 57344K, used 22872K [0x0000000600000000, 0x0000000800000000)
  region size 4096K, 1 young (4096K), 0 survivors (0K)
 Metaspace       used 3649K, committed 3840K, reserved 1114112K
  class space    used 370K, committed 448K, reserved 1048576K
}
Event: 171.891 GC heap after
{Heap after GC invocations=10 (full 8):
 garbage-first heap   total 57344K, used 22873K [0x0000000600000000, 0x0000000800000000)
  region size 4096K, 0 young (0K), 0 survivors (0K)
 Metaspace       used 3649K, committed 3840K, reserved 1114112K
  class space    used 370K, committed 448K, reserved 1048576K
}
Event: 171.949 GC heap before
{Heap before GC invocations=10 (full 8):
 garbage-first heap   total 57344K, used 22873K [0x0000000600000000, 0x0000000800000000)
  region size 4096K, 1 young (4096K), 0 survivors (0K)
 Metaspace       used 3649K, committed 3840K, reserved 1114112K
  class space    used 370K, committed 448K, reserved 1048576K
}
Event: 171.960 GC heap after
{Heap after GC invocations=11 (full 9):
 garbage-first heap   total 57344K, used 22873K [0x0000000600000000, 0x0000000800000000)
  region size 4096K, 0 young (0K), 0 survivors (0K)
 Metaspace       used 3649K, committed 3840K, reserved 1114112K
  class space    used 370K, committed 448K, reserved 1048576K
}
Event: 349.959 GC heap before
{Heap before GC invocations=11 (full 9):
 garbage-first heap   total 57344K, used 22873K [0x0000000600000000, 0x0000000800000000)
  region size 4096K, 1 young (4096K), 0 survivors (0K)
 Metaspace       used 3649K, committed 3840K, reserved 1114112K
  class space    used 370K, committed 448K, reserved 1048576K
}
Event: 349.976 GC heap after
{Heap after GC invocations=12 (full 10):
 garbage-first heap   total 57344K, used 22873K [0x0000000600000000, 0x0000000800000000)
  region size 4096K, 0 young (0K), 0 survivors (0K)
 Metaspace       used 3649K, committed 3840K, reserved 1114112K
  class space    used 370K, committed 448K, reserved 1048576K
}
Event: 350.040 GC heap before
{Heap before GC invocations=12 (full 10):
 garbage-first heap   total 57344K, used 22873K [0x0000000600000000, 0x0000000800000000)
  region size 4096K, 1 young (4096K), 0 survivors (0K)
 Metaspace       used 3649K, committed 3840K, reserved 1114112K
  class space    used 370K, committed 448K, reserved 1048576K
}
Event: 350.052 GC heap after
{Heap after GC invocations=13 (full 11):
 garbage-first heap   total 57344K, used 22873K [0x0000000600000000, 0x0000000800000000)
  region size 4096K, 0 young (0K), 0 survivors (0K)
 Metaspace       used 3649K, committed 3840K, reserved 1114112K
  class space    used 370K, committed 448K, reserved 1048576K
}
Event: 537.913 GC heap before
{Heap before GC invocations=13 (full 11):
 garbage-first heap   total 57344K, used 22873K [0x0000000600000000, 0x0000000800000000)
  region size 4096K, 1 young (4096K), 0 survivors (0K)
 Metaspace       used 3649K, committed 3840K, reserved 1114112K
  class space    used 370K, committed 448K, reserved 1048576K
}
Event: 537.932 GC heap after
{Heap after GC invocations=14 (full 12):
 garbage-first heap   total 57344K, used 22873K [0x0000000600000000, 0x0000000800000000)
  region size 4096K, 0 young (0K), 0 survivors (0K)
 Metaspace       used 3649K, committed 3840K, reserved 1114112K
  class space    used 370K, committed 448K, reserved 1048576K
}
Event: 538.003 GC heap before
{Heap before GC invocations=14 (full 12):
 garbage-first heap   total 57344K, used 22873K [0x0000000600000000, 0x0000000800000000)
  region size 4096K, 1 young (4096K), 0 survivors (0K)
 Metaspace       used 3649K, committed 3840K, reserved 1114112K
  class space    used 370K, committed 448K, reserved 1048576K
}
Event: 538.015 GC heap after
{Heap after GC invocations=15 (full 13):
 garbage-first heap   total 57344K, used 22873K [0x0000000600000000, 0x0000000800000000)
  region size 4096K, 0 young (0K), 0 survivors (0K)
 Metaspace       used 3649K, committed 3840K, reserved 1114112K
  class space    used 370K, committed 448K, reserved 1048576K
}
Event: 707.538 GC heap before
{Heap before GC invocations=15 (full 13):
 garbage-first heap   total 57344K, used 22873K [0x0000000600000000, 0x0000000800000000)
  region size 4096K, 1 young (4096K), 0 survivors (0K)
 Metaspace       used 3649K, committed 3840K, reserved 1114112K
  class space    used 370K, committed 448K, reserved 1048576K
}
Event: 707.563 GC heap after
{Heap after GC invocations=16 (full 14):
 garbage-first heap   total 57344K, used 22873K [0x0000000600000000, 0x0000000800000000)
  region size 4096K, 0 young (0K), 0 survivors (0K)
 Metaspace       used 3649K, committed 3840K, reserved 1114112K
  class space    used 370K, committed 448K, reserved 1048576K
}
Event: 707.623 GC heap before
{Heap before GC invocations=16 (full 14):
 garbage-first heap   total 57344K, used 22873K [0x0000000600000000, 0x0000000800000000)
  region size 4096K, 1 young (4096K), 0 survivors (0K)
 Metaspace       used 3649K, committed 3840K, reserved 1114112K
  class space    used 370K, committed 448K, reserved 1048576K
}
Event: 707.635 GC heap after
{Heap after GC invocations=17 (full 15):
 garbage-first heap   total 57344K, used 22873K [0x0000000600000000, 0x0000000800000000)
  region size 4096K, 0 young (0K), 0 survivors (0K)
 Metaspace       used 3649K, committed 3840K, reserved 1114112K
  class space    used 370K, committed 448K, reserved 1048576K
}

